build/outputs/logs/manifest-merger-debug-report.txt
-- Merging decision tree log ---
manifest
ADDED from JumpActionGame/android/AndroidManifest.xml:2:1-38:12
INJECTED from JumpActionGame/android/AndroidManifest.xml:2:1-38:12
INJECTED from JumpActionGame/android/AndroidManifest.xml:2:1-38:12
INJECTED from JumpActionGame/android/AndroidManifest.xml:2:1-38:12
MERGED from [com.google.android.gms:play-services:6.5.87] AndroidManifest.xml:16:1-26:12
MERGED from [com.android.support:support-v4:21.0.0] AndroidManifest.xml:14:4-17:12
INJECTED from JumpActionGame/android/AndroidManifest.xml:2:1-38:12
INJECTED from JumpActionGame/android/AndroidManifest.xml:2:1-38:12
INJECTED from JumpActionGame/android/AndroidManifest.xml:2:1-38:12
	package
		ADDED from JumpActionGame/android/AndroidManifest.xml:3:5-58
		INJECTED from JumpActionGame/android/AndroidManifest.xml
		INJECTED from JumpActionGame/android/AndroidManifest.xml
	android:versionName
		INJECTED from JumpActionGame/android/AndroidManifest.xml
		ADDED from JumpActionGame/android/AndroidManifest.xml:2:1-38:12
		INJECTED from JumpActionGame/android/AndroidManifest.xml
	android:versionCode
		INJECTED from JumpActionGame/android/AndroidManifest.xml
		ADDED from JumpActionGame/android/AndroidManifest.xml:2:1-38:12
		INJECTED from JumpActionGame/android/AndroidManifest.xml
	xmlns:android
		ADDED from JumpActionGame/android/AndroidManifest.xml:2:11-69
uses-sdk
ADDED from JumpActionGame/android/AndroidManifest.xml:6:5-73
INJECTED from JumpActionGame/android/AndroidManifest.xml:6:5-73
INJECTED from JumpActionGame/android/AndroidManifest.xml:6:5-73
MERGED from [com.google.android.gms:play-services:6.5.87] AndroidManifest.xml:18:5-42
MERGED from [com.google.android.gms:play-services:6.5.87] AndroidManifest.xml:18:5-42
MERGED from [com.android.support:support-v4:21.0.0] AndroidManifest.xml:15:5-42
MERGED from [com.android.support:support-v4:21.0.0] AndroidManifest.xml:15:5-42
INJECTED from JumpActionGame/android/AndroidManifest.xml:6:5-73
INJECTED from JumpActionGame/android/AndroidManifest.xml:6:5-73
	android:targetSdkVersion
		ADDED from JumpActionGame/android/AndroidManifest.xml:6:41-70
		INJECTED from JumpActionGame/android/AndroidManifest.xml
		INJECTED from JumpActionGame/android/AndroidManifest.xml
	android:minSdkVersion
		ADDED from JumpActionGame/android/AndroidManifest.xml:6:15-40
		INJECTED from JumpActionGame/android/AndroidManifest.xml
		INJECTED from JumpActionGame/android/AndroidManifest.xml
uses-permission#android.permission.INTERNET
ADDED from JumpActionGame/android/AndroidManifest.xml:9:5-66
	android:name
		ADDED from JumpActionGame/android/AndroidManifest.xml:9:22-64
uses-permission#android.permission.ACCESS_NETWORK_STATE
ADDED from JumpActionGame/android/AndroidManifest.xml:10:5-78
	android:name
		ADDED from JumpActionGame/android/AndroidManifest.xml:10:22-76
application
ADDED from JumpActionGame/android/AndroidManifest.xml:12:5-36:19
MERGED from [com.google.android.gms:play-services:6.5.87] AndroidManifest.xml:20:5-24:19
MERGED from [com.google.android.gms:play-services:6.5.87] AndroidManifest.xml:20:5-24:19
MERGED from [com.android.support:support-v4:21.0.0] AndroidManifest.xml:16:5-19
MERGED from [com.android.support:support-v4:21.0.0] AndroidManifest.xml:16:5-19
	android:label
		ADDED from JumpActionGame/android/AndroidManifest.xml:15:9-41
	android:icon
		ADDED from JumpActionGame/android/AndroidManifest.xml:14:9-45
	android:allowBackup
		ADDED from JumpActionGame/android/AndroidManifest.xml:13:9-35
	android:theme
		ADDED from JumpActionGame/android/AndroidManifest.xml:16:9-40
meta-data#com.google.android.gms.version
ADDED from JumpActionGame/android/AndroidManifest.xml:19:9-20:69
MERGED from [com.google.android.gms:play-services:6.5.87] AndroidManifest.xml:21:9-23:69
MERGED from [com.google.android.gms:play-services:6.5.87] AndroidManifest.xml:21:9-23:69
	android:value
		ADDED from JumpActionGame/android/AndroidManifest.xml:20:13-66
	android:name
		ADDED from JumpActionGame/android/AndroidManifest.xml:19:20-65
activity#jp.techacademy.sota.sugimura.jumpactiongame.AndroidLauncher
ADDED from JumpActionGame/android/AndroidManifest.xml:21:9-30:20
	android:screenOrientation
		ADDED from JumpActionGame/android/AndroidManifest.xml:24:13-49
	android:label
		ADDED from JumpActionGame/android/AndroidManifest.xml:23:13-45
	android:configChanges
		ADDED from JumpActionGame/android/AndroidManifest.xml:25:13-94
	android:name
		ADDED from JumpActionGame/android/AndroidManifest.xml:22:13-87
intent-filter#action:name:android.intent.action.MAIN+category:name:android.intent.category.LAUNCHER
ADDED from JumpActionGame/android/AndroidManifest.xml:26:13-29:29
action#android.intent.action.MAIN
ADDED from JumpActionGame/android/AndroidManifest.xml:27:17-69
	android:name
		ADDED from JumpActionGame/android/AndroidManifest.xml:27:25-66
category#android.intent.category.LAUNCHER
ADDED from JumpActionGame/android/AndroidManifest.xml:28:17-77
	android:name
		ADDED from JumpActionGame/android/AndroidManifest.xml:28:27-74
activity#com.google.android.gms.ads.AdActivity
ADDED from JumpActionGame/android/AndroidManifest.xml:33:9-35:64
	android:configChanges
		ADDED from JumpActionGame/android/AndroidManifest.xml:34:13-122
	android:theme
		ADDED from JumpActionGame/android/AndroidManifest.xml:35:13-61
	android:name
		ADDED from JumpActionGame/android/AndroidManifest.xml:33:19-71